UntitledTest.cs(3,14): error CS0234: The type or namespace name `Collection' does not exist in the namespace `System'. Are you missing an assembly reference?
UntitledTest.cs(3,14): error CS0234: The type or namespace name `Collection' does not exist in the namespace `System'. Are you missing an assembly reference?
Compilation failed: 2 error(s), 0 warnings
